<?xml version="1.0" encoding="UTF-8"?>
<!-- Generated by org.testng.reporters.JUnitXMLReporter -->
<testsuite ignored="7" hostname="LAPTOP-SUDF6Q5P" failures="0" tests="1" name="Default test" time="33.837" errors="0" timestamp="2023-12-09T17:32:53 EET">
  <testcase classname="testcases" name="checkhoteltab" time="28.485"/>
  <testcase classname="testcases" name="hotelscheck" time="0.0">
    <ignored/>
  </testcase> <!-- hotelscheck -->
  <testcase classname="testcases" name="checkDate" time="0.0">
    <ignored/>
  </testcase> <!-- checkDate -->
  <testcase classname="testcases" name="checkthecurrency" time="0.0">
    <ignored/>
  </testcase> <!-- checkthecurrency -->
  <testcase classname="testcases" name="checklanguage" time="0.0">
    <ignored/>
  </testcase> <!-- checklanguage -->
  <testcase classname="testcases" name="checkthelanguges" time="0.0">
    <ignored/>
  </testcase> <!-- checkthelanguges -->
  <testcase classname="testcases" name="contactnumberCheck" time="0.0">
    <ignored/>
  </testcase> <!-- contactnumberCheck -->
  <testcase classname="testcases" name="Qaitcheck" time="0.0">
    <ignored/>
  </testcase> <!-- Qaitcheck -->
</testsuite> <!-- Default test -->
