<?xml version="1.0" encoding="UTF-8"?>
<testng-results ignored="7" total="8" passed="1" failed="0" skipped="0">
  <reporter-output>
  </reporter-output>
  <suite started-at="2023-12-09T17:32:20 EET" name="Default suite" finished-at="2023-12-09T17:32:53 EET" duration-ms="33837">
    <groups>
    </groups>
    <test started-at="2023-12-09T17:32:20 EET" name="Default test" finished-at="2023-12-09T17:32:53 EET" duration-ms="33837">
      <class name="testcases">
        <test-method is-config="true" signature="pretesting()[pri:0, instance:testcases@15eebbff]" started-at="2023-12-09T17:32:20 EET" name="pretesting" finished-at="2023-12-09T17:32:25 EET" duration-ms="5320" status="PASS">
          <reporter-output>
          </reporter-output>
        </test-method> <!-- pretesting -->
        <test-method signature="checkhoteltab()[pri:0, instance:testcases@15eebbff]" started-at="2023-12-09T17:32:25 EET" name="checkhoteltab" finished-at="2023-12-09T17:32:53 EET" duration-ms="28485" status="PASS">
          <reporter-output>
          </reporter-output>
        </test-method> <!-- checkhoteltab -->
        <test-method is-config="true" signature="posttesting()[pri:0, instance:testcases@15eebbff]" started-at="2023-12-09T17:32:53 EET" name="posttesting" finished-at="2023-12-09T17:32:53 EET" duration-ms="1" status="PASS">
          <reporter-output>
          </reporter-output>
        </test-method> <!-- posttesting -->
      </class> <!-- testcases -->
    </test> <!-- Default test -->
  </suite> <!-- Default suite -->
</testng-results>
