<?xml version="1.0" encoding="UTF-8"?>
<testng-results ignored="6" total="8" passed="2" failed="0" skipped="0">
  <reporter-output>
  </reporter-output>
  <suite started-at="2023-12-09T19:25:38 EET" name="Default suite" finished-at="2023-12-09T19:26:28 EET" duration-ms="49932">
    <groups>
    </groups>
    <test started-at="2023-12-09T19:25:38 EET" name="Default test" finished-at="2023-12-09T19:26:28 EET" duration-ms="49932">
      <class name="testcases">
        <test-method is-config="true" signature="pretesting()[pri:0, instance:testcases@1bb1fde8]" started-at="2023-12-09T19:25:38 EET" name="pretesting" finished-at="2023-12-09T19:25:50 EET" duration-ms="12156" status="PASS">
          <reporter-output>
          </reporter-output>
        </test-method> <!-- pretesting -->
        <test-method signature="checkDate()[pri:0, instance:testcases@1bb1fde8]" started-at="2023-12-09T19:25:50 EET" name="checkDate" finished-at="2023-12-09T19:25:51 EET" duration-ms="362" status="PASS">
          <reporter-output>
          </reporter-output>
        </test-method> <!-- checkDate -->
        <test-method signature="checkhoteltab()[pri:0, instance:testcases@1bb1fde8]" started-at="2023-12-09T19:25:51 EET" name="checkhoteltab" finished-at="2023-12-09T19:26:28 EET" duration-ms="37336" status="PASS">
          <reporter-output>
          </reporter-output>
        </test-method> <!-- checkhoteltab -->
        <test-method is-config="true" signature="posttesting()[pri:0, instance:testcases@1bb1fde8]" started-at="2023-12-09T19:26:28 EET" name="posttesting" finished-at="2023-12-09T19:26:28 EET" duration-ms="1" status="PASS">
          <reporter-output>
          </reporter-output>
        </test-method> <!-- posttesting -->
      </class> <!-- testcases -->
    </test> <!-- Default test -->
  </suite> <!-- Default suite -->
</testng-results>
